[5.426s] DEBUG:colcon:Command line arguments: ['/usr/bin/colcon', 'build']
[5.426s] DEBUG:colcon:Parsed command line arguments: Namespace(log_base=None, log_level=None, verb_name='build', build_base='build', install_base='install', merge_install=False, symlink_install=False, test_result_base=None, continue_on_error=False, executor='parallel', parallel_workers=8, event_handlers=None, ignore_user_meta=False, metas=['./colcon.meta'], base_paths=['.'], packages_ignore=None, packages_ignore_regex=None, paths=None, packages_up_to=None, packages_up_to_regex=None, packages_above=None, packages_above_and_dependencies=None, packages_above_depth=None, packages_select_by_dep=None, packages_skip_by_dep=None, packages_skip_up_to=None, packages_select_build_failed=False, packages_skip_build_finished=False, packages_select_test_failures=False, packages_skip_test_passed=False, packages_select=None, packages_skip=None, packages_select_regex=None, packages_skip_regex=None, packages_start=None, packages_end=None, allow_overriding=[], cmake_args=None, cmake_target=None, cmake_target_skip_unavailable=False, cmake_clean_cache=False, cmake_clean_first=False, cmake_force_configure=False, ament_cmake_args=None, catkin_cmake_args=None, catkin_skip_building_tests=False, mixin_files=None, mixin=None, verb_parser=<colcon_mixin.mixin.mixin_argument.MixinArgumentDecorator object at 0x7ec5d6b53010>, verb_extension=<colcon_core.verb.build.BuildVerb object at 0x7ec5d6c57fd0>, main=<bound method BuildVerb.main of <colcon_core.verb.build.BuildVerb object at 0x7ec5d6c57fd0>>, mixin_verb=('build',))
[11.771s] Level 1:colcon.colcon_core.package_discovery:discover_packages(colcon_meta) check parameters
[11.772s] Level 1:colcon.colcon_core.package_discovery:discover_packages(recursive) check parameters
[11.772s] Level 1:colcon.colcon_core.package_discovery:discover_packages(ignore) check parameters
[11.773s] Level 1:colcon.colcon_core.package_discovery:discover_packages(path) check parameters
[11.773s] Level 1:colcon.colcon_core.package_discovery:discover_packages(colcon_meta) discover
[11.773s] Level 1:colcon.colcon_core.package_discovery:discover_packages(recursive) discover
[11.774s] INFO:colcon.colcon_core.package_discovery:Crawling recursively for packages in '/home/cerberus/gaz_ros2_ws'
[11.774s] Level 1:colcon.colcon_core.package_identification:_identify(.) by extensions ['ignore', 'ignore_ament_install']
[11.775s] Level 1:colcon.colcon_core.package_identification:_identify(.) by extension 'ignore'
[11.776s] Level 1:colcon.colcon_core.package_identification:_identify(.) by extension 'ignore_ament_install'
[11.776s] Level 1:colcon.colcon_core.package_identification:_identify(.) by extensions ['colcon_pkg']
[11.777s] Level 1:colcon.colcon_core.package_identification:_identify(.) by extension 'colcon_pkg'
[11.777s] Level 1:colcon.colcon_core.package_identification:_identify(.) by extensions ['colcon_meta']
[11.777s] Level 1:colcon.colcon_core.package_identification:_identify(.) by extension 'colcon_meta'
[11.778s] Level 1:colcon.colcon_core.package_identification:_identify(.) by extensions ['ros']
[11.778s] Level 1:colcon.colcon_core.package_identification:_identify(.) by extension 'ros'
[11.931s] Level 1:colcon.colcon_core.package_identification:_identify(.) by extensions ['cmake', 'python']
[11.932s] Level 1:colcon.colcon_core.package_identification:_identify(.) by extension 'cmake'
[11.932s] Level 1:colcon.colcon_core.package_identification:_identify(.) by extension 'python'
[11.932s] Level 1:colcon.colcon_core.package_identification:_identify(.) by extensions ['python_setup_py']
[11.932s] Level 1:colcon.colcon_core.package_identification:_identify(.) by extension 'python_setup_py'
[11.933s] Level 1:colcon.colcon_core.package_identification:_identify(build) by extensions ['ignore', 'ignore_ament_install']
[11.933s] Level 1:colcon.colcon_core.package_identification:_identify(build) by extension 'ignore'
[11.934s] Level 1:colcon.colcon_core.package_identification:_identify(build) ignored
[11.934s] Level 1:colcon.colcon_core.package_identification:_identify(install) by extensions ['ignore', 'ignore_ament_install']
[11.935s] Level 1:colcon.colcon_core.package_identification:_identify(install) by extension 'ignore'
[11.935s] Level 1:colcon.colcon_core.package_identification:_identify(install) ignored
[11.935s] Level 1:colcon.colcon_core.package_identification:_identify(log) by extensions ['ignore', 'ignore_ament_install']
[11.936s] Level 1:colcon.colcon_core.package_identification:_identify(log) by extension 'ignore'
[11.936s] Level 1:colcon.colcon_core.package_identification:_identify(log) ignored
[11.936s] Level 1:colcon.colcon_core.package_identification:_identify(src) by extensions ['ignore', 'ignore_ament_install']
[11.937s] Level 1:colcon.colcon_core.package_identification:_identify(src) by extension 'ignore'
[11.937s] Level 1:colcon.colcon_core.package_identification:_identify(src) by extension 'ignore_ament_install'
[11.937s] Level 1:colcon.colcon_core.package_identification:_identify(src) by extensions ['colcon_pkg']
[11.938s] Level 1:colcon.colcon_core.package_identification:_identify(src) by extension 'colcon_pkg'
[11.938s] Level 1:colcon.colcon_core.package_identification:_identify(src) by extensions ['colcon_meta']
[11.938s] Level 1:colcon.colcon_core.package_identification:_identify(src) by extension 'colcon_meta'
[11.938s] Level 1:colcon.colcon_core.package_identification:_identify(src) by extensions ['ros']
[11.938s] Level 1:colcon.colcon_core.package_identification:_identify(src) by extension 'ros'
[11.939s] Level 1:colcon.colcon_core.package_identification:_identify(src) by extensions ['cmake', 'python']
[11.939s] Level 1:colcon.colcon_core.package_identification:_identify(src) by extension 'cmake'
[11.939s] Level 1:colcon.colcon_core.package_identification:_identify(src) by extension 'python'
[11.939s] Level 1:colcon.colcon_core.package_identification:_identify(src) by extensions ['python_setup_py']
[11.940s] Level 1:colcon.colcon_core.package_identification:_identify(src) by extension 'python_setup_py'
[11.940s] Level 1:colcon.colcon_core.package_identification:_identify(src/log) by extensions ['ignore', 'ignore_ament_install']
[11.941s] Level 1:colcon.colcon_core.package_identification:_identify(src/log) by extension 'ignore'
[11.941s] Level 1:colcon.colcon_core.package_identification:_identify(src/log) ignored
[11.941s] Level 1:colcon.colcon_core.package_identification:_identify(src/robot_bringup) by extensions ['ignore', 'ignore_ament_install']
[11.942s] Level 1:colcon.colcon_core.package_identification:_identify(src/robot_bringup) by extension 'ignore'
[11.942s] Level 1:colcon.colcon_core.package_identification:_identify(src/robot_bringup) by extension 'ignore_ament_install'
[11.942s] Level 1:colcon.colcon_core.package_identification:_identify(src/robot_bringup) by extensions ['colcon_pkg']
[11.942s] Level 1:colcon.colcon_core.package_identification:_identify(src/robot_bringup) by extension 'colcon_pkg'
[11.942s] Level 1:colcon.colcon_core.package_identification:_identify(src/robot_bringup) by extensions ['colcon_meta']
[11.943s] Level 1:colcon.colcon_core.package_identification:_identify(src/robot_bringup) by extension 'colcon_meta'
[11.943s] Level 1:colcon.colcon_core.package_identification:_identify(src/robot_bringup) by extensions ['ros']
[11.943s] Level 1:colcon.colcon_core.package_identification:_identify(src/robot_bringup) by extension 'ros'
[11.954s] DEBUG:colcon.colcon_core.package_identification:Package 'src/robot_bringup' with type 'ros.ament_cmake' and name 'robot_bringup'
[11.955s] Level 1:colcon.colcon_core.package_identification:_identify(src/self_test_robot_description) by extensions ['ignore', 'ignore_ament_install']
[11.955s] Level 1:colcon.colcon_core.package_identification:_identify(src/self_test_robot_description) by extension 'ignore'
[11.955s] Level 1:colcon.colcon_core.package_identification:_identify(src/self_test_robot_description) by extension 'ignore_ament_install'
[11.956s] Level 1:colcon.colcon_core.package_identification:_identify(src/self_test_robot_description) by extensions ['colcon_pkg']
[11.956s] Level 1:colcon.colcon_core.package_identification:_identify(src/self_test_robot_description) by extension 'colcon_pkg'
[11.956s] Level 1:colcon.colcon_core.package_identification:_identify(src/self_test_robot_description) by extensions ['colcon_meta']
[11.956s] Level 1:colcon.colcon_core.package_identification:_identify(src/self_test_robot_description) by extension 'colcon_meta'
[11.957s] Level 1:colcon.colcon_core.package_identification:_identify(src/self_test_robot_description) by extensions ['ros']
[11.957s] Level 1:colcon.colcon_core.package_identification:_identify(src/self_test_robot_description) by extension 'ros'
[11.959s] DEBUG:colcon.colcon_core.package_identification:Package 'src/self_test_robot_description' with type 'ros.ament_cmake' and name 'self_test_robot_description'
[11.959s] Level 1:colcon.colcon_core.package_discovery:discover_packages(recursive) using defaults
[11.960s] Level 1:colcon.colcon_core.package_discovery:discover_packages(ignore) discover
[11.960s] Level 1:colcon.colcon_core.package_discovery:discover_packages(ignore) using defaults
[11.960s] Level 1:colcon.colcon_core.package_discovery:discover_packages(path) discover
[11.960s] Level 1:colcon.colcon_core.package_discovery:discover_packages(path) using defaults
[12.506s] Level 1:colcon.colcon_core.package_discovery:discover_packages(prefix_path) check parameters
[12.506s] Level 1:colcon.colcon_core.package_discovery:discover_packages(prefix_path) discover
[12.568s] DEBUG:colcon.colcon_installed_package_information.package_discovery:Found 1 installed packages in /home/cerberus/gancho_ws/install
[12.569s] DEBUG:colcon.colcon_installed_package_information.package_discovery:Found 2 installed packages in /home/cerberus/gaz_ros2_ws/install
[12.570s] DEBUG:colcon.colcon_installed_package_information.package_discovery:Found 7 installed packages in /home/cerberus/ros2_ws/install
[12.573s] DEBUG:colcon.colcon_installed_package_information.package_discovery:Found 289 installed packages in /opt/ros/humble
[12.576s] Level 1:colcon.colcon_core.package_discovery:discover_packages(prefix_path) using defaults
[12.839s] Level 5:colcon.colcon_core.verb:set package 'robot_bringup' build argument 'cmake_args' from command line to 'None'
[12.840s] Level 5:colcon.colcon_core.verb:set package 'robot_bringup' build argument 'cmake_target' from command line to 'None'
[12.840s] Level 5:colcon.colcon_core.verb:set package 'robot_bringup' build argument 'cmake_target_skip_unavailable' from command line to 'False'
[12.840s] Level 5:colcon.colcon_core.verb:set package 'robot_bringup' build argument 'cmake_clean_cache' from command line to 'False'
[12.840s] Level 5:colcon.colcon_core.verb:set package 'robot_bringup' build argument 'cmake_clean_first' from command line to 'False'
[12.840s] Level 5:colcon.colcon_core.verb:set package 'robot_bringup' build argument 'cmake_force_configure' from command line to 'False'
[12.840s] Level 5:colcon.colcon_core.verb:set package 'robot_bringup' build argument 'ament_cmake_args' from command line to 'None'
[12.840s] Level 5:colcon.colcon_core.verb:set package 'robot_bringup' build argument 'catkin_cmake_args' from command line to 'None'
[12.840s] Level 5:colcon.colcon_core.verb:set package 'robot_bringup' build argument 'catkin_skip_building_tests' from command line to 'False'
[12.840s] DEBUG:colcon.colcon_core.verb:Building package 'robot_bringup' with the following arguments: {'ament_cmake_args': None, 'build_base': '/home/cerberus/gaz_ros2_ws/build/robot_bringup', 'catkin_cmake_args': None, 'catkin_skip_building_tests': False, 'cmake_args': None, 'cmake_clean_cache': False, 'cmake_clean_first': False, 'cmake_force_configure': False, 'cmake_target': None, 'cmake_target_skip_unavailable': False, 'install_base': '/home/cerberus/gaz_ros2_ws/install/robot_bringup', 'merge_install': False, 'path': '/home/cerberus/gaz_ros2_ws/src/robot_bringup', 'symlink_install': False, 'test_result_base': None}
[12.841s] Level 5:colcon.colcon_core.verb:set package 'self_test_robot_description' build argument 'cmake_args' from command line to 'None'
[12.841s] Level 5:colcon.colcon_core.verb:set package 'self_test_robot_description' build argument 'cmake_target' from command line to 'None'
[12.841s] Level 5:colcon.colcon_core.verb:set package 'self_test_robot_description' build argument 'cmake_target_skip_unavailable' from command line to 'False'
[12.841s] Level 5:colcon.colcon_core.verb:set package 'self_test_robot_description' build argument 'cmake_clean_cache' from command line to 'False'
[12.841s] Level 5:colcon.colcon_core.verb:set package 'self_test_robot_description' build argument 'cmake_clean_first' from command line to 'False'
[12.841s] Level 5:colcon.colcon_core.verb:set package 'self_test_robot_description' build argument 'cmake_force_configure' from command line to 'False'
[12.841s] Level 5:colcon.colcon_core.verb:set package 'self_test_robot_description' build argument 'ament_cmake_args' from command line to 'None'
[12.841s] Level 5:colcon.colcon_core.verb:set package 'self_test_robot_description' build argument 'catkin_cmake_args' from command line to 'None'
[12.841s] Level 5:colcon.colcon_core.verb:set package 'self_test_robot_description' build argument 'catkin_skip_building_tests' from command line to 'False'
[12.841s] DEBUG:colcon.colcon_core.verb:Building package 'self_test_robot_description' with the following arguments: {'ament_cmake_args': None, 'build_base': '/home/cerberus/gaz_ros2_ws/build/self_test_robot_description', 'catkin_cmake_args': None, 'catkin_skip_building_tests': False, 'cmake_args': None, 'cmake_clean_cache': False, 'cmake_clean_first': False, 'cmake_force_configure': False, 'cmake_target': None, 'cmake_target_skip_unavailable': False, 'install_base': '/home/cerberus/gaz_ros2_ws/install/self_test_robot_description', 'merge_install': False, 'path': '/home/cerberus/gaz_ros2_ws/src/self_test_robot_description', 'symlink_install': False, 'test_result_base': None}
[12.842s] INFO:colcon.colcon_core.executor:Executing jobs using 'parallel' executor
[12.843s] DEBUG:colcon.colcon_parallel_executor.executor.parallel:run_until_complete
[12.843s] INFO:colcon.colcon_ros.task.ament_cmake.build:Building ROS package in '/home/cerberus/gaz_ros2_ws/src/robot_bringup' with build type 'ament_cmake'
[12.844s] INFO:colcon.colcon_cmake.task.cmake.build:Building CMake package in '/home/cerberus/gaz_ros2_ws/src/robot_bringup'
[12.906s] INFO:colcon.colcon_core.plugin_system:Skipping extension 'colcon_core.shell.bat': Not used on non-Windows systems
[12.907s] INFO:colcon.colcon_core.shell:Skip shell extension 'powershell' for command environment: Not usable outside of PowerShell
[12.907s] DEBUG:colcon.colcon_core.shell:Skip shell extension 'dsv' for command environment
[12.938s] INFO:colcon.colcon_ros.task.ament_cmake.build:Building ROS package in '/home/cerberus/gaz_ros2_ws/src/self_test_robot_description' with build type 'ament_cmake'
[12.939s] INFO:colcon.colcon_cmake.task.cmake.build:Building CMake package in '/home/cerberus/gaz_ros2_ws/src/self_test_robot_description'
[12.940s] INFO:colcon.colcon_core.shell:Skip shell extension 'powershell' for command environment: Not usable outside of PowerShell
[12.940s] DEBUG:colcon.colcon_core.shell:Skip shell extension 'dsv' for command environment
[12.985s] DEBUG:colcon.colcon_core.event_handler.log_command:Invoking command in '/home/cerberus/gaz_ros2_ws/build/robot_bringup': CMAKE_PREFIX_PATH=${CMAKE_PREFIX_PATH}:/home/cerberus/gancho_ws/install/actuator_pkg:/home/cerberus/ros2_ws/install/python_pkg:/home/cerberus/ros2_ws/install/activity4_py_pkg:/home/cerberus/ros2_ws/install/activity6_py_pkg:/home/cerberus/ros2_ws/install/activity1_pkg:/opt/ros/humble /usr/bin/cmake --build /home/cerberus/gaz_ros2_ws/build/robot_bringup -- -j8 -l8
[13.076s] DEBUG:colcon.colcon_core.event_handler.log_command:Invoking command in '/home/cerberus/gaz_ros2_ws/build/self_test_robot_description': CMAKE_PREFIX_PATH=${CMAKE_PREFIX_PATH}:/home/cerberus/gancho_ws/install/actuator_pkg:/home/cerberus/ros2_ws/install/python_pkg:/home/cerberus/ros2_ws/install/activity4_py_pkg:/home/cerberus/ros2_ws/install/activity6_py_pkg:/home/cerberus/ros2_ws/install/activity1_pkg:/opt/ros/humble /usr/bin/cmake --build /home/cerberus/gaz_ros2_ws/build/self_test_robot_description -- -j8 -l8
[13.531s] DEBUG:colcon.colcon_core.event_handler.log_command:Invoked command in '/home/cerberus/gaz_ros2_ws/build/robot_bringup' returned '0': CMAKE_PREFIX_PATH=${CMAKE_PREFIX_PATH}:/home/cerberus/gancho_ws/install/actuator_pkg:/home/cerberus/ros2_ws/install/python_pkg:/home/cerberus/ros2_ws/install/activity4_py_pkg:/home/cerberus/ros2_ws/install/activity6_py_pkg:/home/cerberus/ros2_ws/install/activity1_pkg:/opt/ros/humble /usr/bin/cmake --build /home/cerberus/gaz_ros2_ws/build/robot_bringup -- -j8 -l8
[13.556s] DEBUG:colcon.colcon_core.event_handler.log_command:Invoking command in '/home/cerberus/gaz_ros2_ws/build/robot_bringup': CMAKE_PREFIX_PATH=${CMAKE_PREFIX_PATH}:/home/cerberus/gancho_ws/install/actuator_pkg:/home/cerberus/ros2_ws/install/python_pkg:/home/cerberus/ros2_ws/install/activity4_py_pkg:/home/cerberus/ros2_ws/install/activity6_py_pkg:/home/cerberus/ros2_ws/install/activity1_pkg:/opt/ros/humble /usr/bin/cmake --install /home/cerberus/gaz_ros2_ws/build/robot_bringup
[13.557s] DEBUG:colcon.colcon_core.event_handler.log_command:Invoked command in '/home/cerberus/gaz_ros2_ws/build/self_test_robot_description' returned '0': CMAKE_PREFIX_PATH=${CMAKE_PREFIX_PATH}:/home/cerberus/gancho_ws/install/actuator_pkg:/home/cerberus/ros2_ws/install/python_pkg:/home/cerberus/ros2_ws/install/activity4_py_pkg:/home/cerberus/ros2_ws/install/activity6_py_pkg:/home/cerberus/ros2_ws/install/activity1_pkg:/opt/ros/humble /usr/bin/cmake --build /home/cerberus/gaz_ros2_ws/build/self_test_robot_description -- -j8 -l8
[13.562s] DEBUG:colcon.colcon_core.event_handler.log_command:Invoking command in '/home/cerberus/gaz_ros2_ws/build/self_test_robot_description': CMAKE_PREFIX_PATH=${CMAKE_PREFIX_PATH}:/home/cerberus/gancho_ws/install/actuator_pkg:/home/cerberus/ros2_ws/install/python_pkg:/home/cerberus/ros2_ws/install/activity4_py_pkg:/home/cerberus/ros2_ws/install/activity6_py_pkg:/home/cerberus/ros2_ws/install/activity1_pkg:/opt/ros/humble /usr/bin/cmake --install /home/cerberus/gaz_ros2_ws/build/self_test_robot_description
[13.637s] Level 1:colcon.colcon_core.environment:create_environment_scripts_only(self_test_robot_description)
[13.643s] DEBUG:colcon.colcon_core.event_handler.log_command:Invoked command in '/home/cerberus/gaz_ros2_ws/build/self_test_robot_description' returned '0': CMAKE_PREFIX_PATH=${CMAKE_PREFIX_PATH}:/home/cerberus/gancho_ws/install/actuator_pkg:/home/cerberus/ros2_ws/install/python_pkg:/home/cerberus/ros2_ws/install/activity4_py_pkg:/home/cerberus/ros2_ws/install/activity6_py_pkg:/home/cerberus/ros2_ws/install/activity1_pkg:/opt/ros/humble /usr/bin/cmake --install /home/cerberus/gaz_ros2_ws/build/self_test_robot_description
[13.785s] Level 1:colcon.colcon_core.environment:checking '/home/cerberus/gaz_ros2_ws/install/self_test_robot_description' for CMake module files
[13.790s] Level 1:colcon.colcon_core.environment:checking '/home/cerberus/gaz_ros2_ws/install/self_test_robot_description' for CMake config files
[13.792s] Level 1:colcon.colcon_core.shell:create_environment_hook('self_test_robot_description', 'cmake_prefix_path')
[13.794s] INFO:colcon.colcon_core.shell:Creating environment hook '/home/cerberus/gaz_ros2_ws/install/self_test_robot_description/share/self_test_robot_description/hook/cmake_prefix_path.ps1'
[13.813s] INFO:colcon.colcon_core.shell:Creating environment descriptor '/home/cerberus/gaz_ros2_ws/install/self_test_robot_description/share/self_test_robot_description/hook/cmake_prefix_path.dsv'
[13.835s] INFO:colcon.colcon_core.shell:Creating environment hook '/home/cerberus/gaz_ros2_ws/install/self_test_robot_description/share/self_test_robot_description/hook/cmake_prefix_path.sh'
[13.843s] Level 1:colcon.colcon_core.environment:checking '/home/cerberus/gaz_ros2_ws/install/self_test_robot_description/bin'
[13.843s] Level 1:colcon.colcon_core.environment:checking '/home/cerberus/gaz_ros2_ws/install/self_test_robot_description/lib/pkgconfig/self_test_robot_description.pc'
[13.845s] Level 1:colcon.colcon_core.environment:checking '/home/cerberus/gaz_ros2_ws/install/self_test_robot_description/lib/python3.10/site-packages'
[13.848s] Level 1:colcon.colcon_core.environment:checking '/home/cerberus/gaz_ros2_ws/install/self_test_robot_description/bin'
[13.851s] INFO:colcon.colcon_core.shell:Creating package script '/home/cerberus/gaz_ros2_ws/install/self_test_robot_description/share/self_test_robot_description/package.ps1'
[13.857s] INFO:colcon.colcon_core.shell:Creating package descriptor '/home/cerberus/gaz_ros2_ws/install/self_test_robot_description/share/self_test_robot_description/package.dsv'
[13.862s] INFO:colcon.colcon_core.shell:Creating package script '/home/cerberus/gaz_ros2_ws/install/self_test_robot_description/share/self_test_robot_description/package.sh'
[13.870s] INFO:colcon.colcon_core.shell:Creating package script '/home/cerberus/gaz_ros2_ws/install/self_test_robot_description/share/self_test_robot_description/package.bash'
[13.899s] INFO:colcon.colcon_core.shell:Creating package script '/home/cerberus/gaz_ros2_ws/install/self_test_robot_description/share/self_test_robot_description/package.zsh'
[13.913s] Level 1:colcon.colcon_core.environment:create_file_with_runtime_dependencies(/home/cerberus/gaz_ros2_ws/install/self_test_robot_description/share/colcon-core/packages/self_test_robot_description)
[13.919s] Level 1:colcon.colcon_core.environment:create_environment_scripts_only(self_test_robot_description)
[13.921s] Level 1:colcon.colcon_core.environment:checking '/home/cerberus/gaz_ros2_ws/install/self_test_robot_description' for CMake module files
[13.926s] Level 1:colcon.colcon_core.environment:checking '/home/cerberus/gaz_ros2_ws/install/self_test_robot_description' for CMake config files
[13.927s] Level 1:colcon.colcon_core.shell:create_environment_hook('self_test_robot_description', 'cmake_prefix_path')
[13.930s] INFO:colcon.colcon_core.shell:Creating environment hook '/home/cerberus/gaz_ros2_ws/install/self_test_robot_description/share/self_test_robot_description/hook/cmake_prefix_path.ps1'
[13.934s] INFO:colcon.colcon_core.shell:Creating environment descriptor '/home/cerberus/gaz_ros2_ws/install/self_test_robot_description/share/self_test_robot_description/hook/cmake_prefix_path.dsv'
[13.936s] INFO:colcon.colcon_core.shell:Creating environment hook '/home/cerberus/gaz_ros2_ws/install/self_test_robot_description/share/self_test_robot_description/hook/cmake_prefix_path.sh'
[13.940s] Level 1:colcon.colcon_core.environment:checking '/home/cerberus/gaz_ros2_ws/install/self_test_robot_description/bin'
[13.941s] Level 1:colcon.colcon_core.environment:checking '/home/cerberus/gaz_ros2_ws/install/self_test_robot_description/lib/pkgconfig/self_test_robot_description.pc'
[13.942s] Level 1:colcon.colcon_core.environment:checking '/home/cerberus/gaz_ros2_ws/install/self_test_robot_description/lib/python3.10/site-packages'
[13.945s] Level 1:colcon.colcon_core.environment:checking '/home/cerberus/gaz_ros2_ws/install/self_test_robot_description/bin'
[13.947s] INFO:colcon.colcon_core.shell:Creating package script '/home/cerberus/gaz_ros2_ws/install/self_test_robot_description/share/self_test_robot_description/package.ps1'
[13.950s] INFO:colcon.colcon_core.shell:Creating package descriptor '/home/cerberus/gaz_ros2_ws/install/self_test_robot_description/share/self_test_robot_description/package.dsv'
[13.953s] INFO:colcon.colcon_core.shell:Creating package script '/home/cerberus/gaz_ros2_ws/install/self_test_robot_description/share/self_test_robot_description/package.sh'
[13.955s] INFO:colcon.colcon_core.shell:Creating package script '/home/cerberus/gaz_ros2_ws/install/self_test_robot_description/share/self_test_robot_description/package.bash'
[13.957s] INFO:colcon.colcon_core.shell:Creating package script '/home/cerberus/gaz_ros2_ws/install/self_test_robot_description/share/self_test_robot_description/package.zsh'
[13.959s] Level 1:colcon.colcon_core.environment:create_file_with_runtime_dependencies(/home/cerberus/gaz_ros2_ws/install/self_test_robot_description/share/colcon-core/packages/self_test_robot_description)
[13.964s] Level 1:colcon.colcon_core.environment:create_environment_scripts_only(robot_bringup)
[13.966s] Level 1:colcon.colcon_core.environment:checking '/home/cerberus/gaz_ros2_ws/install/robot_bringup' for CMake module files
[13.970s] DEBUG:colcon.colcon_core.event_handler.log_command:Invoked command in '/home/cerberus/gaz_ros2_ws/build/robot_bringup' returned '0': CMAKE_PREFIX_PATH=${CMAKE_PREFIX_PATH}:/home/cerberus/gancho_ws/install/actuator_pkg:/home/cerberus/ros2_ws/install/python_pkg:/home/cerberus/ros2_ws/install/activity4_py_pkg:/home/cerberus/ros2_ws/install/activity6_py_pkg:/home/cerberus/ros2_ws/install/activity1_pkg:/opt/ros/humble /usr/bin/cmake --install /home/cerberus/gaz_ros2_ws/build/robot_bringup
[13.974s] Level 1:colcon.colcon_core.environment:checking '/home/cerberus/gaz_ros2_ws/install/robot_bringup' for CMake config files
[14.004s] Level 1:colcon.colcon_core.shell:create_environment_hook('robot_bringup', 'cmake_prefix_path')
[14.006s] INFO:colcon.colcon_core.shell:Creating environment hook '/home/cerberus/gaz_ros2_ws/install/robot_bringup/share/robot_bringup/hook/cmake_prefix_path.ps1'
[14.009s] INFO:colcon.colcon_core.shell:Creating environment descriptor '/home/cerberus/gaz_ros2_ws/install/robot_bringup/share/robot_bringup/hook/cmake_prefix_path.dsv'
[14.012s] INFO:colcon.colcon_core.shell:Creating environment hook '/home/cerberus/gaz_ros2_ws/install/robot_bringup/share/robot_bringup/hook/cmake_prefix_path.sh'
[14.018s] Level 1:colcon.colcon_core.environment:checking '/home/cerberus/gaz_ros2_ws/install/robot_bringup/bin'
[14.018s] Level 1:colcon.colcon_core.environment:checking '/home/cerberus/gaz_ros2_ws/install/robot_bringup/lib/pkgconfig/robot_bringup.pc'
[14.020s] Level 1:colcon.colcon_core.environment:checking '/home/cerberus/gaz_ros2_ws/install/robot_bringup/lib/python3.10/site-packages'
[14.023s] Level 1:colcon.colcon_core.environment:checking '/home/cerberus/gaz_ros2_ws/install/robot_bringup/bin'
[14.026s] INFO:colcon.colcon_core.shell:Creating package script '/home/cerberus/gaz_ros2_ws/install/robot_bringup/share/robot_bringup/package.ps1'
[14.030s] INFO:colcon.colcon_core.shell:Creating package descriptor '/home/cerberus/gaz_ros2_ws/install/robot_bringup/share/robot_bringup/package.dsv'
[14.033s] INFO:colcon.colcon_core.shell:Creating package script '/home/cerberus/gaz_ros2_ws/install/robot_bringup/share/robot_bringup/package.sh'
[14.035s] INFO:colcon.colcon_core.shell:Creating package script '/home/cerberus/gaz_ros2_ws/install/robot_bringup/share/robot_bringup/package.bash'
[14.038s] INFO:colcon.colcon_core.shell:Creating package script '/home/cerberus/gaz_ros2_ws/install/robot_bringup/share/robot_bringup/package.zsh'
[14.040s] Level 1:colcon.colcon_core.environment:create_file_with_runtime_dependencies(/home/cerberus/gaz_ros2_ws/install/robot_bringup/share/colcon-core/packages/robot_bringup)
[14.043s] Level 1:colcon.colcon_core.environment:create_environment_scripts_only(robot_bringup)
[14.044s] Level 1:colcon.colcon_core.environment:checking '/home/cerberus/gaz_ros2_ws/install/robot_bringup' for CMake module files
[14.047s] Level 1:colcon.colcon_core.environment:checking '/home/cerberus/gaz_ros2_ws/install/robot_bringup' for CMake config files
[14.048s] Level 1:colcon.colcon_core.shell:create_environment_hook('robot_bringup', 'cmake_prefix_path')
[14.049s] INFO:colcon.colcon_core.shell:Creating environment hook '/home/cerberus/gaz_ros2_ws/install/robot_bringup/share/robot_bringup/hook/cmake_prefix_path.ps1'
[14.051s] INFO:colcon.colcon_core.shell:Creating environment descriptor '/home/cerberus/gaz_ros2_ws/install/robot_bringup/share/robot_bringup/hook/cmake_prefix_path.dsv'
[14.053s] INFO:colcon.colcon_core.shell:Creating environment hook '/home/cerberus/gaz_ros2_ws/install/robot_bringup/share/robot_bringup/hook/cmake_prefix_path.sh'
[14.055s] Level 1:colcon.colcon_core.environment:checking '/home/cerberus/gaz_ros2_ws/install/robot_bringup/bin'
[14.055s] Level 1:colcon.colcon_core.environment:checking '/home/cerberus/gaz_ros2_ws/install/robot_bringup/lib/pkgconfig/robot_bringup.pc'
[14.056s] Level 1:colcon.colcon_core.environment:checking '/home/cerberus/gaz_ros2_ws/install/robot_bringup/lib/python3.10/site-packages'
[14.058s] Level 1:colcon.colcon_core.environment:checking '/home/cerberus/gaz_ros2_ws/install/robot_bringup/bin'
[14.059s] INFO:colcon.colcon_core.shell:Creating package script '/home/cerberus/gaz_ros2_ws/install/robot_bringup/share/robot_bringup/package.ps1'
[14.061s] INFO:colcon.colcon_core.shell:Creating package descriptor '/home/cerberus/gaz_ros2_ws/install/robot_bringup/share/robot_bringup/package.dsv'
[14.063s] INFO:colcon.colcon_core.shell:Creating package script '/home/cerberus/gaz_ros2_ws/install/robot_bringup/share/robot_bringup/package.sh'
[14.065s] INFO:colcon.colcon_core.shell:Creating package script '/home/cerberus/gaz_ros2_ws/install/robot_bringup/share/robot_bringup/package.bash'
[14.067s] INFO:colcon.colcon_core.shell:Creating package script '/home/cerberus/gaz_ros2_ws/install/robot_bringup/share/robot_bringup/package.zsh'
[14.068s] Level 1:colcon.colcon_core.environment:create_file_with_runtime_dependencies(/home/cerberus/gaz_ros2_ws/install/robot_bringup/share/colcon-core/packages/robot_bringup)
[14.069s] DEBUG:colcon.colcon_parallel_executor.executor.parallel:closing loop
[14.071s] DEBUG:colcon.colcon_parallel_executor.executor.parallel:loop closed
[14.071s] DEBUG:colcon.colcon_parallel_executor.executor.parallel:run_until_complete finished with '0'
[14.071s] DEBUG:colcon.colcon_core.event_reactor:joining thread
[14.133s] INFO:colcon.colcon_core.plugin_system:Skipping extension 'colcon_notification.desktop_notification.terminal_notifier': Not used on non-Darwin systems
[14.133s] INFO:colcon.colcon_core.plugin_system:Skipping extension 'colcon_notification.desktop_notification.win32': Not used on non-Windows systems
[14.133s] INFO:colcon.colcon_notification.desktop_notification:Sending desktop notification using 'notify2'
[14.225s] DEBUG:colcon.colcon_core.event_reactor:joined thread
[14.227s] INFO:colcon.colcon_core.shell:Creating prefix script '/home/cerberus/gaz_ros2_ws/install/local_setup.ps1'
[14.269s] INFO:colcon.colcon_core.shell:Creating prefix util module '/home/cerberus/gaz_ros2_ws/install/_local_setup_util_ps1.py'
[14.323s] INFO:colcon.colcon_core.shell:Creating prefix chain script '/home/cerberus/gaz_ros2_ws/install/setup.ps1'
[14.342s] INFO:colcon.colcon_core.shell:Creating prefix script '/home/cerberus/gaz_ros2_ws/install/local_setup.sh'
[14.346s] INFO:colcon.colcon_core.shell:Creating prefix util module '/home/cerberus/gaz_ros2_ws/install/_local_setup_util_sh.py'
[14.347s] INFO:colcon.colcon_core.shell:Creating prefix chain script '/home/cerberus/gaz_ros2_ws/install/setup.sh'
[14.350s] INFO:colcon.colcon_core.shell:Creating prefix script '/home/cerberus/gaz_ros2_ws/install/local_setup.bash'
[14.351s] INFO:colcon.colcon_core.shell:Creating prefix chain script '/home/cerberus/gaz_ros2_ws/install/setup.bash'
[14.354s] INFO:colcon.colcon_core.shell:Creating prefix script '/home/cerberus/gaz_ros2_ws/install/local_setup.zsh'
[14.362s] INFO:colcon.colcon_core.shell:Creating prefix chain script '/home/cerberus/gaz_ros2_ws/install/setup.zsh'
